This is pdfTeX, Version 3.1415926-2.5-1.40.14 (MiKTeX 2.9 64-bit) (preloaded format=pdflatex 2017.2.23)  13 AUG 2018 11:00
entering extended mode
**main-acmart.tex
(C:\Users\ohadben\Desktop\Workshop\main-acmart.tex
LaTeX2e <2011/06/27>
Babel <v3.8m> and hyphenation patterns for english, afrikaans, ancientgreek, ar
abic, armenian, assamese, basque, bengali, bokmal, bulgarian, catalan, coptic, 
croatian, czech, danish, dutch, esperanto, estonian, farsi, finnish, french, ga
lician, german, german-x-2013-05-26, greek, gujarati, hindi, hungarian, iceland
ic, indonesian, interlingua, irish, italian, kannada, kurmanji, latin, latvian,
 lithuanian, malayalam, marathi, mongolian, mongolianlmc, monogreek, ngerman, n
german-x-2013-05-26, nynorsk, oriya, panjabi, pinyin, polish, portuguese, roman
ian, russian, sanskrit, serbian, slovak, slovenian, spanish, swedish, swissgerm
an, tamil, telugu, turkish, turkmen, ukenglish, ukrainian, uppersorbian, usengl
ishmax, welsh, loaded.
(C:\Users\ohadben\Desktop\Workshop\acmart.cls
Document Class: acmart 2018/07/16 v1.54 Typesetting articles for the Associatio
n for Computing Machinery
("C:\Program Files\MiKTeX 2.9\tex\latex\xkeyval\xkeyval.sty"
Package: xkeyval 2012/10/14 v2.6b package option processing (HA)

("C:\Program Files\MiKTeX 2.9\tex\generic\xkeyval\xkeyval.tex"
\XKV@toks=\toks14
\XKV@tempa@toks=\toks15
\XKV@depth=\count79
File: xkeyval.tex 2012/10/14 v2.6b key=value parser (HA)

("C:\Program Files\MiKTeX 2.9\tex\generic\xkeyval\keyval.tex")))
("C:\Program Files\MiKTeX 2.9\tex\latex\xstring\xstring.sty"
("C:\Program Files\MiKTeX 2.9\tex\generic\xstring\xstring.tex"
\@xs@message=\write3
\integerpart=\count80
\decimalpart=\count81
)
Package: xstring 2013/10/13  v1.7c  String manipulations (C Tellechea)
)
Package acmart Info: Not using screen mode on input line 73.
Package acmart Info: Requiring acmthm on input line 81.
Package acmart Info: Not using review mode on input line 90.
Package acmart Info: Not using authorversion mode on input line 98.
Package acmart Info: Not using nonacm mode on input line 110.
Package acmart Info: Explicitly selecting natbib mode on input line 118.
Package acmart Info: Not using anonymous mode on input line 126.
Package acmart Info: Not using timestamp mode on input line 134.
Package acmart Info: Not using authordraft mode on input line 144.
Package acmart Info: Using review mode on input line 153.
Package acmart Info: Using anonymous mode on input line 153.
Class acmart Info: Using format sigplan, number 6 on input line 153.
Class acmart Info: Using fontsize 10pt on input line 211.

("C:\Program Files\MiKTeX 2.9\tex\latex\amscls\amsart.cls"
Document Class: amsart 2009/07/02 v2.20.1
\linespacing=\dimen102
\normalparindent=\dimen103
\normaltopskip=\skip41
("C:\Program Files\MiKTeX 2.9\tex\latex\amsmath\amsmath.sty"
Package: amsmath 2013/01/14 v2.14 AMS math features
\@mathmargin=\skip42

For additional information on amsmath, use the `?' option.
("C:\Program Files\MiKTeX 2.9\tex\latex\amsmath\amstext.sty"
Package: amstext 2000/06/29 v2.01

("C:\Program Files\MiKTeX 2.9\tex\latex\amsmath\amsgen.sty"
File: amsgen.sty 1999/11/30 v2.0
\@emptytoks=\toks16
\ex@=\dimen104
))
("C:\Program Files\MiKTeX 2.9\tex\latex\amsmath\amsbsy.sty"
Package: amsbsy 1999/11/29 v1.2d
\pmbraise@=\dimen105
)
("C:\Program Files\MiKTeX 2.9\tex\latex\amsmath\amsopn.sty"
Package: amsopn 1999/12/14 v2.01 operator names
)
\inf@bad=\count82
LaTeX Info: Redefining \frac on input line 210.
\uproot@=\count83
\leftroot@=\count84
LaTeX Info: Redefining \overline on input line 306.
\classnum@=\count85
\DOTSCASE@=\count86
LaTeX Info: Redefining \ldots on input line 378.
LaTeX Info: Redefining \dots on input line 381.
LaTeX Info: Redefining \cdots on input line 466.
\Mathstrutbox@=\box26
\strutbox@=\box27
\big@size=\dimen106
LaTeX Font Info:    Redeclaring font encoding OML on input line 566.
LaTeX Font Info:    Redeclaring font encoding OMS on input line 567.
\macc@depth=\count87
\c@MaxMatrixCols=\count88
\dotsspace@=\muskip10
\c@parentequation=\count89
\dspbrk@lvl=\count90
\tag@help=\toks17
\row@=\count91
\column@=\count92
\maxfields@=\count93
\andhelp@=\toks18
\eqnshift@=\dimen107
\alignsep@=\dimen108
\tagshift@=\dimen109
\tagwidth@=\dimen110
\totwidth@=\dimen111
\lineht@=\dimen112
\@envbody=\toks19
\multlinegap=\skip43
\multlinetaggap=\skip44
\mathdisplay@stack=\toks20
LaTeX Info: Redefining \[ on input line 2665.
LaTeX Info: Redefining \] on input line 2666.
)
LaTeX Font Info:    Try loading font information for U+msa on input line 388.

("C:\Program Files\MiKTeX 2.9\tex\latex\amsfonts\umsa.fd"
File: umsa.fd 2013/01/14 v3.01 AMS symbols A
)
("C:\Program Files\MiKTeX 2.9\tex\latex\amsfonts\amsfonts.sty"
Package: amsfonts 2013/01/14 v3.01 Basic AMSFonts support
\symAMSa=\mathgroup4
\symAMSb=\mathgroup5
LaTeX Font Info:    Overwriting math alphabet `\mathfrak' in version `bold'
(Font)                  U/euf/m/n --> U/euf/b/n on input line 106.
)
\copyins=\insert233
\abstractbox=\box28
\listisep=\skip45
\c@part=\count94
\c@section=\count95
\c@subsection=\count96
\c@subsubsection=\count97
\c@paragraph=\count98
\c@subparagraph=\count99
\c@figure=\count100
\c@table=\count101
\abovecaptionskip=\skip46
\belowcaptionskip=\skip47
\captionindent=\dimen113
\thm@style=\toks21
\thm@bodyfont=\toks22
\thm@headfont=\toks23
\thm@notefont=\toks24
\thm@headpunct=\toks25
\thm@preskip=\skip48
\thm@postskip=\skip49
\thm@headsep=\skip50
\dth@everypar=\toks26
)
("C:\Program Files\MiKTeX 2.9\tex\latex\microtype\microtype.sty"
Package: microtype 2013/05/23 v2.5a Micro-typographical refinements (RS)
\MT@toks=\toks27
\MT@count=\count102
LaTeX Info: Redefining \textls on input line 766.
\MT@outer@kern=\dimen114
LaTeX Info: Redefining \textmicrotypecontext on input line 1285.
\MT@listname@count=\count103

("C:\Program Files\MiKTeX 2.9\tex\latex\microtype\microtype-pdftex.def"
File: microtype-pdftex.def 2013/05/23 v2.5a Definitions specific to pdftex (RS)

LaTeX Info: Redefining \lsstyle on input line 915.
LaTeX Info: Redefining \lslig on input line 915.
\MT@outer@space=\skip51
)
Package microtype Info: Loading configuration file microtype.cfg.

("C:\Program Files\MiKTeX 2.9\tex\latex\microtype\microtype.cfg"
File: microtype.cfg 2013/05/23 v2.5a microtype main configuration file (RS)
))
("C:\Program Files\MiKTeX 2.9\tex\latex\etoolbox\etoolbox.sty"
Package: etoolbox 2011/01/03 v2.1 e-TeX tools for LaTeX

("C:\Program Files\MiKTeX 2.9\tex\latex\misc\etex.sty"
Package: etex 1998/03/26 v2.0 eTeX basic definition package (PEB)
\et@xins=\count104
)
\etb@tempcnta=\count105
)
("C:\Program Files\MiKTeX 2.9\tex\latex\oberdiek\refcount.sty"
Package: refcount 2011/10/16 v3.4 Data extraction from label references (HO)

("C:\Program Files\MiKTeX 2.9\tex\generic\oberdiek\ltxcmds.sty"
Package: ltxcmds 2011/11/09 v1.22 LaTeX kernel commands for general use (HO)
)
("C:\Program Files\MiKTeX 2.9\tex\generic\oberdiek\infwarerr.sty"
Package: infwarerr 2010/04/08 v1.3 Providing info/warning/error messages (HO)
))
("C:\Program Files\MiKTeX 2.9\tex\latex\totpages\totpages.sty"
Package: totpages 2005/09/19 v2.00 Totpages Package (muewi)

("C:\Program Files\MiKTeX 2.9\tex\latex\ms\everyshi.sty"
Package: everyshi 2001/05/15 v3.00 EveryShipout Package (MS)
))
("C:\Program Files\MiKTeX 2.9\tex\latex\environ\environ.sty"
Package: environ 2013/04/01 v0.3 A new environment syntax

("C:\Program Files\MiKTeX 2.9\tex\latex\trimspaces\trimspaces.sty"
Package: trimspaces 2009/09/17 v1.1 Trim spaces around a token list
))
("C:\Program Files\MiKTeX 2.9\tex\latex\textcase\textcase.sty"
Package: textcase 2004/10/07 v0.07 Text only upper/lower case changing (DPC)
)
("C:\Program Files\MiKTeX 2.9\tex\latex\natbib\natbib.sty"
Package: natbib 2010/09/13 8.31b (PWD, AO)
\bibhang=\skip52
\bibsep=\skip53
LaTeX Info: Redefining \cite on input line 694.
\c@NAT@ctr=\count106
)
("C:\Program Files\MiKTeX 2.9\tex\latex\hyperref\hyperref.sty"
Package: hyperref 2012/11/06 v6.83m Hypertext links for LaTeX

("C:\Program Files\MiKTeX 2.9\tex\generic\oberdiek\hobsub-hyperref.sty"
Package: hobsub-hyperref 2012/04/25 v1.12 Bundle oberdiek, subset hyperref (HO)


("C:\Program Files\MiKTeX 2.9\tex\generic\oberdiek\hobsub-generic.sty"
Package: hobsub-generic 2012/04/25 v1.12 Bundle oberdiek, subset generic (HO)
Package: hobsub 2012/04/25 v1.12 Construct package bundles (HO)
Package hobsub Info: Skipping package `infwarerr' (already loaded).
Package hobsub Info: Skipping package `ltxcmds' (already loaded).
Package: ifluatex 2010/03/01 v1.3 Provides the ifluatex switch (HO)
Package ifluatex Info: LuaTeX not detected.
Package: ifvtex 2010/03/01 v1.5 Detect VTeX and its facilities (HO)
Package ifvtex Info: VTeX not detected.
Package: intcalc 2007/09/27 v1.1 Expandable calculations with integers (HO)
Package: ifpdf 2011/01/30 v2.3 Provides the ifpdf switch (HO)
Package ifpdf Info: pdfTeX in PDF mode is detected.
Package: etexcmds 2011/02/16 v1.5 Avoid name clashes with e-TeX commands (HO)
Package etexcmds Info: Could not find \expanded.
(etexcmds)             That can mean that you are not using pdfTeX 1.50 or
(etexcmds)             that some package has redefined \expanded.
(etexcmds)             In the latter case, load this package earlier.
Package: kvsetkeys 2012/04/25 v1.16 Key value parser (HO)
Package: kvdefinekeys 2011/04/07 v1.3 Define keys (HO)
Package: pdftexcmds 2011/11/29 v0.20 Utility functions of pdfTeX for LuaTeX (HO
)
Package pdftexcmds Info: LuaTeX not detected.
Package pdftexcmds Info: \pdf@primitive is available.
Package pdftexcmds Info: \pdf@ifprimitive is available.
Package pdftexcmds Info: \pdfdraftmode found.
Package: pdfescape 2011/11/25 v1.13 Implements pdfTeX's escape features (HO)
Package: bigintcalc 2012/04/08 v1.3 Expandable calculations on big integers (HO
)
Package: bitset 2011/01/30 v1.1 Handle bit-vector datatype (HO)
Package: uniquecounter 2011/01/30 v1.2 Provide unlimited unique counter (HO)
)
Package hobsub Info: Skipping package `hobsub' (already loaded).
Package: letltxmacro 2010/09/02 v1.4 Let assignment for LaTeX macros (HO)
Package: hopatch 2011/06/24 v1.1 Wrapper for package hooks (HO)
Package: xcolor-patch 2011/01/30 xcolor patch
Package: atveryend 2011/06/30 v1.8 Hooks at the very end of document (HO)
Package: atbegshi 2011/10/05 v1.16 At begin shipout hook (HO)
Package hobsub Info: Skipping package `refcount' (already loaded).
Package: hycolor 2011/01/30 v1.7 Color options for hyperref/bookmark (HO)
)
("C:\Program Files\MiKTeX 2.9\tex\generic\ifxetex\ifxetex.sty"
Package: ifxetex 2010/09/12 v0.6 Provides ifxetex conditional
)
("C:\Program Files\MiKTeX 2.9\tex\latex\oberdiek\auxhook.sty"
Package: auxhook 2011/03/04 v1.3 Hooks for auxiliary files (HO)
)
("C:\Program Files\MiKTeX 2.9\tex\latex\oberdiek\kvoptions.sty"
Package: kvoptions 2011/06/30 v3.11 Key value format for package options (HO)
)
\@linkdim=\dimen115
\Hy@linkcounter=\count107
\Hy@pagecounter=\count108

("C:\Program Files\MiKTeX 2.9\tex\latex\hyperref\pd1enc.def"
File: pd1enc.def 2012/11/06 v6.83m Hyperref: PDFDocEncoding definition (HO)
)
\Hy@SavedSpaceFactor=\count109

("C:\Program Files\MiKTeX 2.9\tex\latex\00miktex\hyperref.cfg"
File: hyperref.cfg 2002/06/06 v1.2 hyperref configuration of TeXLive
)
Package hyperref Info: Option `bookmarksnumbered' set `true' on input line 4319
.
Package hyperref Info: Option `unicode' set `true' on input line 4319.

("C:\Program Files\MiKTeX 2.9\tex\latex\hyperref\puenc.def"
File: puenc.def 2012/11/06 v6.83m Hyperref: PDF Unicode definition (HO)
)
Package hyperref Info: Hyper figures OFF on input line 4443.
Package hyperref Info: Link nesting OFF on input line 4448.
Package hyperref Info: Hyper index ON on input line 4451.
Package hyperref Info: Plain pages OFF on input line 4458.
Package hyperref Info: Backreferencing OFF on input line 4463.
Package hyperref Info: Implicit mode ON; LaTeX internals redefined.
Package hyperref Info: Bookmarks ON on input line 4688.
\c@Hy@tempcnt=\count110

("C:\Program Files\MiKTeX 2.9\tex\latex\url\url.sty"
\Urlmuskip=\muskip11
Package: url 2013/09/16  ver 3.4  Verb mode for urls, etc.
)
LaTeX Info: Redefining \url on input line 5041.
\XeTeXLinkMargin=\dimen116
\Fld@menulength=\count111
\Field@Width=\dimen117
\Fld@charsize=\dimen118
Package hyperref Info: Hyper figures OFF on input line 6295.
Package hyperref Info: Link nesting OFF on input line 6300.
Package hyperref Info: Hyper index ON on input line 6303.
Package hyperref Info: backreferencing OFF on input line 6310.
Package hyperref Info: Link coloring OFF on input line 6315.
Package hyperref Info: Link coloring with OCG OFF on input line 6320.
Package hyperref Info: PDF/A mode OFF on input line 6325.
LaTeX Info: Redefining \ref on input line 6365.
LaTeX Info: Redefining \pageref on input line 6369.
\Hy@abspage=\count112
\c@Item=\count113
\c@Hfootnote=\count114
)

Package hyperref Message: Driver (autodetected): hpdftex.

("C:\Program Files\MiKTeX 2.9\tex\latex\hyperref\hpdftex.def"
File: hpdftex.def 2012/11/06 v6.83m Hyperref driver for pdfTeX
\Fld@listcount=\count115
\c@bookmark@seq@number=\count116

("C:\Program Files\MiKTeX 2.9\tex\latex\oberdiek\rerunfilecheck.sty"
Package: rerunfilecheck 2011/04/15 v1.7 Rerun checks for auxiliary files (HO)
Package uniquecounter Info: New unique counter `rerunfilecheck' on input line 2
82.
)
\Hy@SectionHShift=\skip54
)
("C:\Program Files\MiKTeX 2.9\tex\latex\graphics\graphicx.sty"
Package: graphicx 1999/02/16 v1.0f Enhanced LaTeX Graphics (DPC,SPQR)

("C:\Program Files\MiKTeX 2.9\tex\latex\graphics\graphics.sty"
Package: graphics 2009/02/05 v1.0o Standard LaTeX Graphics (DPC,SPQR)

("C:\Program Files\MiKTeX 2.9\tex\latex\graphics\trig.sty"
Package: trig 1999/03/16 v1.09 sin cos tan (DPC)
)
("C:\Program Files\MiKTeX 2.9\tex\latex\00miktex\graphics.cfg"
File: graphics.cfg 2007/01/18 v1.5 graphics configuration of teTeX/TeXLive
)
Package graphics Info: Driver file: pdftex.def on input line 91.

(C:\Users\ohadben\AppData\Roaming\MiKTeX\2.9\tex\latex\graphics-def\pdftex.def
File: pdftex.def 2017/01/12 v0.06k Graphics/color for pdfTeX
\Gread@gobject=\count117
))
\Gin@req@height=\dimen119
\Gin@req@width=\dimen120
) ("C:\Program Files\MiKTeX 2.9\tex\latex\xcolor\xcolor.sty"
Package: xcolor 2007/01/21 v2.11 LaTeX color extensions (UK)

("C:\Program Files\MiKTeX 2.9\tex\latex\00miktex\color.cfg"
File: color.cfg 2007/01/18 v1.5 color configuration of teTeX/TeXLive
)
Package xcolor Info: Driver file: pdftex.def on input line 225.
Package xcolor Info: Model `cmy' substituted by `cmy0' on input line 1337.
Package xcolor Info: Model `hsb' substituted by `rgb' on input line 1341.
Package xcolor Info: Model `RGB' extended on input line 1353.
Package xcolor Info: Model `HTML' substituted by `rgb' on input line 1355.
Package xcolor Info: Model `Hsb' substituted by `hsb' on input line 1356.
Package xcolor Info: Model `tHsb' substituted by `hsb' on input line 1357.
Package xcolor Info: Model `HSB' substituted by `hsb' on input line 1358.
Package xcolor Info: Model `Gray' substituted by `gray' on input line 1359.
Package xcolor Info: Model `wave' substituted by `hsb' on input line 1360.
)
("C:\Program Files\MiKTeX 2.9\tex\latex\geometry\geometry.sty"
Package: geometry 2010/09/12 v5.6 Page Geometry
\Gm@cnth=\count118
\Gm@cntv=\count119
\c@Gm@tempcnt=\count120
\Gm@bindingoffset=\dimen121
\Gm@wd@mp=\dimen122
\Gm@odd@mp=\dimen123
\Gm@even@mp=\dimen124
\Gm@layoutwidth=\dimen125
\Gm@layoutheight=\dimen126
\Gm@layouthoffset=\dimen127
\Gm@layoutvoffset=\dimen128
\Gm@dimlist=\toks28

("C:\Program Files\MiKTeX 2.9\tex\latex\geometry\geometry.cfg"))
("C:\Program Files\MiKTeX 2.9\tex\latex\ncctools\manyfoot.sty"
Package: manyfoot 2005/09/11 v1.10 Many Footnote Levels Package (NCC)

("C:\Program Files\MiKTeX 2.9\tex\latex\ncctools\nccfoots.sty"
Package: nccfoots 2005/02/03 v1.2 NCC Footnotes Package (NCC)
)
\MFL@columnwidth=\dimen129
)
\footinsauthorsaddresses=\insert232
\c@footnoteauthorsaddresses=\count121
\footinscopyrightpermission=\insert231
\c@footnotecopyrightpermission=\count122

("C:\Program Files\MiKTeX 2.9\tex\latex\iftex\iftex.sty"
Package: iftex 2013/04/04 v0.2 Provides if(tex) conditional for PDFTeX, XeTeX, 
and LuaTeX
)
("C:\Program Files\MiKTeX 2.9\tex\generic\pdftex\glyphtounicode.tex")
("C:\Program Files\MiKTeX 2.9\tex\latex\cmap\cmap.sty"
Package: cmap 2008/03/06 v1.0h CMap support: searchable PDF
)
("C:\Program Files\MiKTeX 2.9\tex\latex\base\fontenc.sty"
Package: fontenc 2005/09/27 v1.99g Standard LaTeX package

("C:\Program Files\MiKTeX 2.9\tex\latex\base\t1enc.def"
File: t1enc.def 2005/09/27 v1.99g Standard LaTeX file
LaTeX Font Info:    Redeclaring font encoding T1 on input line 43.
)<<t1.cmap>>)
("C:\Program Files\MiKTeX 2.9\tex\latex\libertine\libertine.sty"
Package: libertine 2014/02/19 (Bob Tennent) Supports Libertine and Biolinum fon
ts for all LaTeX engines.

("C:\Program Files\MiKTeX 2.9\tex\latex\base\textcomp.sty"
Package: textcomp 2005/09/27 v1.99g Standard LaTeX package
Package textcomp Info: Sub-encoding information:
(textcomp)               5 = only ISO-Adobe without \textcurrency
(textcomp)               4 = 5 + \texteuro
(textcomp)               3 = 4 + \textohm
(textcomp)               2 = 3 + \textestimated + \textcurrency
(textcomp)               1 = TS1 - \textcircled - \t
(textcomp)               0 = TS1 (full)
(textcomp)             Font families with sub-encoding setting implement
(textcomp)             only a restricted character set as indicated.
(textcomp)             Family '?' is the default used for unknown fonts.
(textcomp)             See the documentation for details.
Package textcomp Info: Setting ? sub-encoding to TS1/1 on input line 71.

("C:\Program Files\MiKTeX 2.9\tex\latex\base\ts1enc.def"
File: ts1enc.def 2001/06/05 v3.0e (jk/car/fm) Standard LaTeX file
)
LaTeX Info: Redefining \oldstylenums on input line 266.
Package textcomp Info: Setting cmr sub-encoding to TS1/0 on input line 281.
Package textcomp Info: Setting cmss sub-encoding to TS1/0 on input line 282.
Package textcomp Info: Setting cmtt sub-encoding to TS1/0 on input line 283.
Package textcomp Info: Setting cmvtt sub-encoding to TS1/0 on input line 284.
Package textcomp Info: Setting cmbr sub-encoding to TS1/0 on input line 285.
Package textcomp Info: Setting cmtl sub-encoding to TS1/0 on input line 286.
Package textcomp Info: Setting ccr sub-encoding to TS1/0 on input line 287.
Package textcomp Info: Setting ptm sub-encoding to TS1/4 on input line 288.
Package textcomp Info: Setting pcr sub-encoding to TS1/4 on input line 289.
Package textcomp Info: Setting phv sub-encoding to TS1/4 on input line 290.
Package textcomp Info: Setting ppl sub-encoding to TS1/3 on input line 291.
Package textcomp Info: Setting pag sub-encoding to TS1/4 on input line 292.
Package textcomp Info: Setting pbk sub-encoding to TS1/4 on input line 293.
Package textcomp Info: Setting pnc sub-encoding to TS1/4 on input line 294.
Package textcomp Info: Setting pzc sub-encoding to TS1/4 on input line 295.
Package textcomp Info: Setting bch sub-encoding to TS1/4 on input line 296.
Package textcomp Info: Setting put sub-encoding to TS1/5 on input line 297.
Package textcomp Info: Setting uag sub-encoding to TS1/5 on input line 298.
Package textcomp Info: Setting ugq sub-encoding to TS1/5 on input line 299.
Package textcomp Info: Setting ul8 sub-encoding to TS1/4 on input line 300.
Package textcomp Info: Setting ul9 sub-encoding to TS1/4 on input line 301.
Package textcomp Info: Setting augie sub-encoding to TS1/5 on input line 302.
Package textcomp Info: Setting dayrom sub-encoding to TS1/3 on input line 303.
Package textcomp Info: Setting dayroms sub-encoding to TS1/3 on input line 304.

Package textcomp Info: Setting pxr sub-encoding to TS1/0 on input line 305.
Package textcomp Info: Setting pxss sub-encoding to TS1/0 on input line 306.
Package textcomp Info: Setting pxtt sub-encoding to TS1/0 on input line 307.
Package textcomp Info: Setting txr sub-encoding to TS1/0 on input line 308.
Package textcomp Info: Setting txss sub-encoding to TS1/0 on input line 309.
Package textcomp Info: Setting txtt sub-encoding to TS1/0 on input line 310.
Package textcomp Info: Setting lmr sub-encoding to TS1/0 on input line 311.
Package textcomp Info: Setting lmdh sub-encoding to TS1/0 on input line 312.
Package textcomp Info: Setting lmss sub-encoding to TS1/0 on input line 313.
Package textcomp Info: Setting lmssq sub-encoding to TS1/0 on input line 314.
Package textcomp Info: Setting lmvtt sub-encoding to TS1/0 on input line 315.
Package textcomp Info: Setting qhv sub-encoding to TS1/0 on input line 316.
Package textcomp Info: Setting qag sub-encoding to TS1/0 on input line 317.
Package textcomp Info: Setting qbk sub-encoding to TS1/0 on input line 318.
Package textcomp Info: Setting qcr sub-encoding to TS1/0 on input line 319.
Package textcomp Info: Setting qcs sub-encoding to TS1/0 on input line 320.
Package textcomp Info: Setting qpl sub-encoding to TS1/0 on input line 321.
Package textcomp Info: Setting qtm sub-encoding to TS1/0 on input line 322.
Package textcomp Info: Setting qzc sub-encoding to TS1/0 on input line 323.
Package textcomp Info: Setting qhvc sub-encoding to TS1/0 on input line 324.
Package textcomp Info: Setting futs sub-encoding to TS1/4 on input line 325.
Package textcomp Info: Setting futx sub-encoding to TS1/4 on input line 326.
Package textcomp Info: Setting futj sub-encoding to TS1/4 on input line 327.
Package textcomp Info: Setting hlh sub-encoding to TS1/3 on input line 328.
Package textcomp Info: Setting hls sub-encoding to TS1/3 on input line 329.
Package textcomp Info: Setting hlst sub-encoding to TS1/3 on input line 330.
Package textcomp Info: Setting hlct sub-encoding to TS1/5 on input line 331.
Package textcomp Info: Setting hlx sub-encoding to TS1/5 on input line 332.
Package textcomp Info: Setting hlce sub-encoding to TS1/5 on input line 333.
Package textcomp Info: Setting hlcn sub-encoding to TS1/5 on input line 334.
Package textcomp Info: Setting hlcw sub-encoding to TS1/5 on input line 335.
Package textcomp Info: Setting hlcf sub-encoding to TS1/5 on input line 336.
Package textcomp Info: Setting pplx sub-encoding to TS1/3 on input line 337.
Package textcomp Info: Setting pplj sub-encoding to TS1/3 on input line 338.
Package textcomp Info: Setting ptmx sub-encoding to TS1/4 on input line 339.
Package textcomp Info: Setting ptmj sub-encoding to TS1/4 on input line 340.
)
("C:\Program Files\MiKTeX 2.9\tex\latex\mweights\mweights.sty"
Package: mweights 2013/07/21 (Bob Tennent) Support package for multiple-weight 
font packages. 
LaTeX Info: Redefining \bfseries on input line 22.
LaTeX Info: Redefining \mdseries on input line 29.
LaTeX Info: Redefining \rmfamily on input line 36.
LaTeX Info: Redefining \sffamily on input line 53.
LaTeX Info: Redefining \ttfamily on input line 70.
)
("C:\Program Files\MiKTeX 2.9\tex\latex\base\fontenc.sty"
Package: fontenc 2005/09/27 v1.99g Standard LaTeX package
)
("C:\Program Files\MiKTeX 2.9\tex\latex\fontaxes\fontaxes.sty"
Package: fontaxes 2014/03/23 v1.0d Font selection axes
LaTeX Info: Redefining \upshape on input line 29.
LaTeX Info: Redefining \itshape on input line 31.
LaTeX Info: Redefining \slshape on input line 33.
LaTeX Info: Redefining \scshape on input line 37.
)
LaTeX Info: Redefining \oldstylenums on input line 477.

("C:\Program Files\MiKTeX 2.9\tex\latex\libertine\LinLibertine_I.tex"))
("C:\Program Files\MiKTeX 2.9\tex\latex\inconsolata\zi4.sty"
Package: zi4 2013/06/09 zi4a
\zifour@ocount=\count123
)
("C:\Program Files\MiKTeX 2.9\tex\latex\newtx\newtxmath.sty"
Package: newtxmath 2014/04/15 v1.26

`newtxmath' v1.26, 2014/04/15 Math macros based on txfonts (msharpe)
("C:\Program Files\MiKTeX 2.9\tex\generic\binhex\binhex.tex")
\tx@Isdigit=\count124
LaTeX Font Info:    Redeclaring symbol font `operators' on input line 98.
LaTeX Font Info:    Encoding `OT1' has changed to `T1' for symbol font
(Font)              `operators' in the math version `normal' on input line 98.
LaTeX Font Info:    Overwriting symbol font `operators' in version `normal'
(Font)                  OT1/cmr/m/n --> T1/LinuxLibertineT-TLF/m/n on input lin
e 98.
LaTeX Font Info:    Encoding `OT1' has changed to `T1' for symbol font
(Font)              `operators' in the math version `bold' on input line 98.
LaTeX Font Info:    Overwriting symbol font `operators' in version `bold'
(Font)                  OT1/cmr/bx/n --> T1/LinuxLibertineT-TLF/m/n on input li
ne 98.
LaTeX Font Info:    Overwriting symbol font `operators' in version `bold'
(Font)                  T1/LinuxLibertineT-TLF/m/n --> T1/LinuxLibertineT-TLF/s
b/n on input line 99.
LaTeX Font Info:    Redeclaring math alphabet \mathsf on input line 105.
LaTeX Font Info:    Overwriting math alphabet `\mathsf' in version `normal'
(Font)                  OT1/cmss/m/n --> T1/LinuxBiolinumT-TLF/m/n on input lin
e 105.
LaTeX Font Info:    Overwriting math alphabet `\mathsf' in version `bold'
(Font)                  OT1/cmss/bx/n --> T1/LinuxBiolinumT-TLF/m/n on input li
ne 105.
LaTeX Font Info:    Redeclaring math alphabet \mathit on input line 106.
LaTeX Font Info:    Overwriting math alphabet `\mathit' in version `normal'
(Font)                  OT1/cmr/m/it --> T1/LinuxLibertineT-TLF/m/it on input l
ine 106.
LaTeX Font Info:    Overwriting math alphabet `\mathit' in version `bold'
(Font)                  OT1/cmr/bx/it --> T1/LinuxLibertineT-TLF/m/it on input 
line 106.
LaTeX Font Info:    Redeclaring math alphabet \mathtt on input line 107.
LaTeX Font Info:    Overwriting math alphabet `\mathtt' in version `normal'
(Font)                  OT1/cmtt/m/n --> T1/zi4/m/n on input line 107.
LaTeX Font Info:    Overwriting math alphabet `\mathtt' in version `bold'
(Font)                  OT1/cmtt/m/n --> T1/zi4/m/n on input line 107.
LaTeX Font Info:    Redeclaring math alphabet \mathbf on input line 109.
LaTeX Font Info:    Overwriting math alphabet `\mathbf' in version `normal'
(Font)                  OT1/cmr/bx/n --> T1/LinuxLibertineT-TLF/sb/n on input l
ine 109.
LaTeX Font Info:    Overwriting math alphabet `\mathbf' in version `bold'
(Font)                  OT1/cmr/bx/n --> T1/LinuxLibertineT-TLF/sb/n on input l
ine 109.
LaTeX Font Info:    Overwriting math alphabet `\mathit' in version `bold'
(Font)                  T1/LinuxLibertineT-TLF/m/it --> T1/LinuxLibertineT-TLF/
sb/it on input line 110.
LaTeX Font Info:    Overwriting math alphabet `\mathsf' in version `bold'
(Font)                  T1/LinuxBiolinumT-TLF/m/n --> T1/LinuxBiolinumT-TLF/b/n
 on input line 111.
LaTeX Font Info:    Overwriting math alphabet `\mathtt' in version `bold'
(Font)                  T1/zi4/m/n --> T1/zi4/b/n on input line 112.
LaTeX Font Info:    Redeclaring symbol font `letters' on input line 118.
LaTeX Font Info:    Overwriting symbol font `letters' in version `normal'
(Font)                  OML/cmm/m/it --> OML/nxlmi/m/it on input line 118.
LaTeX Font Info:    Overwriting symbol font `letters' in version `bold'
(Font)                  OML/cmm/b/it --> OML/nxlmi/m/it on input line 118.
LaTeX Font Info:    Overwriting symbol font `letters' in version `bold'
(Font)                  OML/nxlmi/m/it --> OML/nxlmi/b/it on input line 119.
\symlettersA=\mathgroup6
LaTeX Font Info:    Overwriting symbol font `lettersA' in version `bold'
(Font)                  U/ntxmia/m/it --> U/ntxmia/b/it on input line 156.
LaTeX Font Info:    Redeclaring math alphabet \mathfrak on input line 158.
LaTeX Font Info:    Redeclaring symbol font `symbols' on input line 164.
LaTeX Font Info:    Overwriting symbol font `symbols' in version `normal'
(Font)                  OMS/cmsy/m/n --> OMS/ntxsy/m/n on input line 164.
LaTeX Font Info:    Overwriting symbol font `symbols' in version `bold'
(Font)                  OMS/cmsy/b/n --> OMS/ntxsy/m/n on input line 164.
LaTeX Font Info:    Overwriting symbol font `symbols' in version `bold'
(Font)                  OMS/ntxsy/m/n --> OMS/ntxsy/b/n on input line 165.
LaTeX Font Info:    Redeclaring symbol font `AMSa' on input line 180.
LaTeX Font Info:    Overwriting symbol font `AMSa' in version `normal'
(Font)                  U/msa/m/n --> U/ntxsya/m/n on input line 180.
LaTeX Font Info:    Overwriting symbol font `AMSa' in version `bold'
(Font)                  U/msa/m/n --> U/ntxsya/m/n on input line 180.
LaTeX Font Info:    Overwriting symbol font `AMSa' in version `bold'
(Font)                  U/ntxsya/m/n --> U/ntxsya/b/n on input line 181.
LaTeX Font Info:    Redeclaring symbol font `AMSb' on input line 189.
LaTeX Font Info:    Overwriting symbol font `AMSb' in version `normal'
(Font)                  U/msb/m/n --> U/ntxsyb/m/n on input line 189.
LaTeX Font Info:    Overwriting symbol font `AMSb' in version `bold'
(Font)                  U/msb/m/n --> U/ntxsyb/m/n on input line 189.
LaTeX Font Info:    Overwriting symbol font `AMSb' in version `bold'
(Font)                  U/ntxsyb/m/n --> U/ntxsyb/b/n on input line 190.
\symsymbolsC=\mathgroup7
LaTeX Font Info:    Overwriting symbol font `symbolsC' in version `bold'
(Font)                  U/ntxsyc/m/n --> U/ntxsyc/b/n on input line 201.
LaTeX Font Info:    Redeclaring symbol font `largesymbols' on input line 214.
LaTeX Font Info:    Encoding `OMX' has changed to `LMX' for symbol font
(Font)              `largesymbols' in the math version `normal' on input line 2
14.
LaTeX Font Info:    Overwriting symbol font `largesymbols' in version `normal'
(Font)                  OMX/cmex/m/n --> LMX/ntxexx/m/n on input line 214.
LaTeX Font Info:    Encoding `OMX' has changed to `LMX' for symbol font
(Font)              `largesymbols' in the math version `bold' on input line 214
.
LaTeX Font Info:    Overwriting symbol font `largesymbols' in version `bold'
(Font)                  OMX/cmex/m/n --> LMX/ntxexx/m/n on input line 214.
LaTeX Font Info:    Overwriting symbol font `largesymbols' in version `bold'
(Font)                  LMX/ntxexx/m/n --> LMX/ntxexx/b/n on input line 215.
\symlargesymbolsTXA=\mathgroup8
LaTeX Font Info:    Overwriting symbol font `largesymbolsTXA' in version `bold'

(Font)                  U/ntxexa/m/n --> U/ntxexa/b/n on input line 229.
LaTeX Info: Redefining \not on input line 1550.
LaTeX Info: Redefining \textsquare on input line 1570.
LaTeX Info: Redefining \openbox on input line 1571.
)
("C:\Program Files\MiKTeX 2.9\tex\latex\caption\caption.sty"
Package: caption 2013/05/02 v3.3-89 Customizing captions (AR)

("C:\Program Files\MiKTeX 2.9\tex\latex\caption\caption3.sty"
Package: caption3 2013/05/02 v1.6-88 caption3 kernel (AR)
Package caption3 Info: TeX engine: e-TeX on input line 57.
\captionmargin=\dimen130
\captionmargin@=\dimen131
\captionwidth=\dimen132
\caption@tempdima=\dimen133
\caption@indent=\dimen134
\caption@parindent=\dimen135
\caption@hangindent=\dimen136
)
Package caption Info: AMS or SMF document class.
\c@ContinuedFloat=\count125
Package caption Info: hyperref package is loaded.
)
("C:\Program Files\MiKTeX 2.9\tex\latex\float\float.sty"
Package: float 2001/11/08 v1.3d Float enhancements (AL)
\c@float@type=\count126
\float@exts=\toks29
\float@box=\box29
\@float@everytoks=\toks30
\@floatcapt=\box30
)
\@float@every@sidebar=\toks31
\c@sidebar=\count127
\fulltextwidth=\dimen137
\@ACM@labelwidth=\dimen138
\listisep=\skip55
\num@authorgroups=\count128
\num@authors=\count129
\@ACM@badge@width=\skip56
\@ACM@title@width=\skip57
\@ACM@badge@skip=\skip58
Class acmart Info: Printing CCS on input line 1297.
Class acmart Info: Printing bibformat on input line 1297.
Class acmart Info: Suppressing folios on input line 1304.
Class acmart Info: Setting authorsperrow to 0 on input line 1307.

("C:\Program Files\MiKTeX 2.9\tex\latex\comment\comment.sty"
\CommentStream=\write4

Excluding comment 'comment') Excluding comment 'CCSXML'
\mktitle@bx=\box31
\@ACM@commabox=\box32
\author@bx=\box33
\author@bx@wd=\dimen139
\author@bx@sep=\skip59

("C:\Program Files\MiKTeX 2.9\tex\latex\fancyhdr\fancyhdr.sty"
\fancy@headwidth=\skip60
\f@ncyO@elh=\skip61
\f@ncyO@erh=\skip62
\f@ncyO@olh=\skip63
\f@ncyO@orh=\skip64
\f@ncyO@elf=\skip65
\f@ncyO@erf=\skip66
\f@ncyO@olf=\skip67
\f@ncyO@orf=\skip68
)
\ACM@linecount@bx=\box34
\ACM@linecount@bxht=\skip69
\ACM@linecount=\count130
\@folio@wd=\dimen140
\@folio@ht=\dimen141
\@folio@voffset=\dimen142

Special comment 'acks'
LaTeX Font Info:    Try loading font information for T1+LinuxLibertineT-TLF on 
input line 2667.

("C:\Program Files\MiKTeX 2.9\tex\latex\libertine\t1linuxlibertinet-tlf.fd"
File: T1LinuxLibertineT-TLF.fd 2012/11/26 (autoinst) Font definitions for T1/Li
nuxLibertineT-TLF.
)
LaTeX Font Info:    Font shape `T1/LinuxLibertineT-TLF/m/n' will be
(Font)              scaled to size 10.0pt on input line 2667.
)
Class acmart Info: Printing folios on input line 2.
Class acmart Info: Suppressing CCS on input line 2.
Class acmart Info: Suppressing bibformat on input line 2.

("C:\Program Files\MiKTeX 2.9\tex\latex\booktabs\booktabs.sty"
Package: booktabs 2005/04/14 v1.61803 publication quality tables
\heavyrulewidth=\dimen143
\lightrulewidth=\dimen144
\cmidrulewidth=\dimen145
\belowrulesep=\dimen146
\belowbottomsep=\dimen147
\aboverulesep=\dimen148
\abovetopsep=\dimen149
\cmidrulesep=\dimen150
\cmidrulekern=\dimen151
\defaultaddspace=\dimen152
\@cmidla=\count131
\@cmidlb=\count132
\@aboverulesep=\dimen153
\@belowrulesep=\dimen154
\@thisruleclass=\count133
\@lastruleclass=\count134
\@thisrulewidth=\dimen155
)
("C:\Program Files\MiKTeX 2.9\tex\latex\caption\subcaption.sty"
Package: subcaption 2013/02/03 v1.1-62 Sub-captions (AR)
\c@subfigure=\count135
\c@subtable=\count136
)
("C:\Program Files\MiKTeX 2.9\tex\latex\eepic\epic.sty"
Enhancements to Picture Environment. Version 1.2 - Released June 1, 1986
\@@multicnt=\count137
\d@lta=\count138
\@delta=\dimen156
\@@delta=\dimen157
\@gridcnt=\count139
\@joinkind=\count140
\@dotgap=\dimen158
\@ddotgap=\dimen159
\@x@diff=\count141
\@y@diff=\count142
\x@diff=\dimen160
\y@diff=\dimen161
\@dotbox=\box35
\num@segments=\count143
\num@segmentsi=\count144
\@datafile=\read1
) ("C:\Program Files\MiKTeX 2.9\tex\latex\eepic\eepic.sty"
Extension to Epic and LaTeX. Version 1.1e - Released Dec 21, 1999
\@gphlinewidth=\count145
\@eepictcnt=\count146
\@tempdimc=\dimen162
\maxovaldiam=\dimen163
\@filltype=\box36
) ("C:\Program Files\MiKTeX 2.9\tex\latex\preprint\fullpage.sty"
Package: fullpage 1999/02/23 1.1 (PWD)
\FP@margin=\skip70
)
("C:\Program Files\MiKTeX 2.9\tex\latex\smartref\smartref.sty"
Package: smartref 2002/02/28 v1.9 Increase reference capability (deep reference
)
\c@@smartlistlen=\count147
\c@less@smartlist=\count148
\c@@currsmartlistplace=\count149
\sm@rtintern@ltok=\toks32
)
("C:\Program Files\MiKTeX 2.9\tex\latex\algorithm2e\algorithm2e.sty"
Package: algorithm2e 2013/01/06 v5.00 algorithms environments
\c@AlgoLine=\count150

("C:\Program Files\MiKTeX 2.9\tex\latex\base\ifthen.sty"
Package: ifthen 2001/05/26 v1.1c Standard LaTeX ifthen package (DPC)
)
("C:\Program Files\MiKTeX 2.9\tex\latex\tools\xspace.sty"
Package: xspace 2009/10/20 v1.13 Space after command names (DPC,MH)
)
("C:\Program Files\MiKTeX 2.9\tex\latex\ltxmisc\relsize.sty"
Package: relsize 2003/07/04 ver 3.1


Package relsize Warning: Failed to get list of font sizes.
(relsize)                Falling back to old definition. on input line 81.

LaTeX Info: Redefining \larger on input line 218.
LaTeX Info: Redefining \smaller on input line 219.
)
********************************************************
Package `algorithm2e' Release 5.0 -- january 06 2013 --
- algorithm2e-announce@lirmm.fr mailing list for announcement about releases
- algorithm2e-discussion@lirmm.fr mailing list for discussion about package
subscribe by emailing sympa@lirmm.fr with 'subscribe <list> <firstname name>'
- Author: Christophe Fiorio (cfiorio@um2.fr)
********************************************************
\skiptotal=\skip71
\skiplinenumber=\skip72
\skiprule=\skip73
\skiphlne=\skip74
\skiptext=\skip75
\skiplength=\skip76
\algomargin=\skip77
\skipalgocfslide=\skip78
\algowidth=\dimen164
\inoutsize=\dimen165
\inoutindent=\dimen166
\interspacetitleruled=\dimen167
\interspacealgoruled=\dimen168
\interspacetitleboxruled=\dimen169
\algocf@inoutbox=\box37
\algocf@inputbox=\box38
\AlCapSkip=\skip79
\AlCapHSkip=\skip80
\algoskipindent=\skip81
\algocf@nlbox=\box39
\algocf@hangingbox=\box40
\algocf@untilbox=\box41
\algocf@skipuntil=\skip82
\algocf@capbox=\box42
\algoheightruledefault=\skip83
\algoheightrule=\skip84
\algotitleheightruledefault=\skip85
\algotitleheightrule=\skip86
\c@algocfline=\count151
\c@algocfproc=\count152
\c@algocf=\count153
\algocf@algoframe=\box43
\algocf@algobox=\box44
)
\c@claim=\count154
\c@definition=\count155
\c@observation=\count156
\c@linenum=\count157

Defining \sgetlinenumval ...
Defining \slinenumref ...
Defining \sreflinenumref ...
Defining \linenumref ...
\c@ind=\count158
Package hyperref Info: Option `pdfdisplaydoctitle' set `true' on input line 296
.
\c@theorem=\count159
Excluding comment 'screenonly' Include comment 'printonly'
Excluding comment 'anonsuppress' Excluding comment 'acks'
(C:\Users\ohadben\Desktop\Workshop\main-acmart.aux)
LaTeX Font Info:    Checking defaults for OML/nxlmi/m/it on input line 296.
LaTeX Font Info:    Try loading font information for OML+nxlmi on input line 29
6.

("C:\Program Files\MiKTeX 2.9\tex\latex\newtx\omlnxlmi.fd"
File: omlnxlmi.fd 2013/11/19 Fontinst v1.933 font definitions for OML/nxlmi.
)
LaTeX Font Info:    ... okay on input line 296.
LaTeX Font Info:    Checking defaults for T1/cmr/m/n on input line 296.
LaTeX Font Info:    ... okay on input line 296.
LaTeX Font Info:    Checking defaults for OT1/cmr/m/n on input line 296.
LaTeX Font Info:    ... okay on input line 296.
LaTeX Font Info:    Checking defaults for OMS/ntxsy/m/n on input line 296.
LaTeX Font Info:    Try loading font information for OMS+ntxsy on input line 29
6.

("C:\Program Files\MiKTeX 2.9\tex\latex\newtx\omsntxsy.fd"
File: omsntxsy.fd 2012/11/14 Fontinst v1.933 font definitions for OMS/ntxsy.
)
LaTeX Font Info:    ... okay on input line 296.
LaTeX Font Info:    Checking defaults for OMX/cmex/m/n on input line 296.
LaTeX Font Info:    ... okay on input line 296.
LaTeX Font Info:    Checking defaults for U/ntxexa/m/n on input line 296.
LaTeX Font Info:    Try loading font information for U+ntxexa on input line 296
.

("C:\Program Files\MiKTeX 2.9\tex\latex\newtx\untxexa.fd"
File: untxexa.fd 2012/04/16 Fontinst v1.933 font definitions for U/ntxexa.
)
LaTeX Font Info:    ... okay on input line 296.
LaTeX Font Info:    Checking defaults for PD1/pdf/m/n on input line 296.
LaTeX Font Info:    ... okay on input line 296.
LaTeX Font Info:    Checking defaults for PU/pdf/m/n on input line 296.
LaTeX Font Info:    ... okay on input line 296.
LaTeX Font Info:    Checking defaults for TS1/cmr/m/n on input line 296.
LaTeX Font Info:    Try loading font information for TS1+cmr on input line 296.


("C:\Program Files\MiKTeX 2.9\tex\latex\base\ts1cmr.fd"
File: ts1cmr.fd 1999/05/25 v2.5h Standard LaTeX font definitions
)
LaTeX Font Info:    ... okay on input line 296.
LaTeX Font Info:    Checking defaults for LMX/ntxexx/m/n on input line 296.
LaTeX Font Info:    ... okay on input line 296.
LaTeX Font Info:    Font shape `T1/LinuxLibertineT-TLF/m/n' will be
(Font)              scaled to size 8.0pt on input line 296.
LaTeX Font Info:    Font shape `T1/LinuxLibertineT-TLF/m/n' will be
(Font)              scaled to size 6.2pt on input line 296.
LaTeX Font Info:    Font shape `T1/LinuxLibertineT-TLF/m/n' will be
(Font)              scaled to size 5.5pt on input line 296.
<<oml.cmap>><<oms.cmap>>
LaTeX Font Info:    Try loading font information for U+ntxsya on input line 296
.
 ("C:\Program Files\MiKTeX 2.9\tex\latex\newtx\untxsya.fd"
File: untxsya.fd 2012/04/12 Fontinst v1.933 font definitions for U/ntxsya.
)
LaTeX Font Info:    Try loading font information for U+ntxsyb on input line 296
.

("C:\Program Files\MiKTeX 2.9\tex\latex\newtx\untxsyb.fd"
File: untxsyb.fd 2012/04/12 Fontinst v1.933 font definitions for U/ntxsyb.
)
LaTeX Font Info:    Try loading font information for U+ntxmia on input line 296
.

("C:\Program Files\MiKTeX 2.9\tex\latex\newtx\untxmia.fd"
File: untxmia.fd 2012/04/16 Fontinst v1.933 font definitions for U/ntxmia.
)
LaTeX Font Info:    Try loading font information for U+ntxsyc on input line 296
.

("C:\Program Files\MiKTeX 2.9\tex\latex\newtx\untxsyc.fd"
File: untxsyc.fd 2012/04/12 Fontinst v1.933 font definitions for U/ntxsyc.
)
LaTeX Info: Redefining \microtypecontext on input line 296.
Package microtype Info: Generating PDF output.
Package microtype Info: Character protrusion enabled (level 2).
Package microtype Info: Using default protrusion set `alltext'.
Package microtype Info: Automatic font expansion enabled (level 2),
(microtype)             stretch: 20, shrink: 20, step: 1, non-selected.
Package microtype Info: Using default expansion set `basictext'.
Package microtype Info: No adjustment of tracking.
Package microtype Info: No adjustment of interword spacing.
Package microtype Info: No adjustment of character kerning.
Package microtype Info: Loading generic settings for font family
(microtype)             `LinuxLibertineT-TLF' (encoding: T1).
(microtype)             For optimal results, create family-specific settings.
(microtype)             See the microtype manual for details.

ABD: EveryShipout initializing macros
\AtBeginShipoutBox=\box45
Package hyperref Info: Link coloring OFF on input line 296.

("C:\Program Files\MiKTeX 2.9\tex\latex\hyperref\nameref.sty"
Package: nameref 2012/10/27 v2.43 Cross-referencing by name of section

("C:\Program Files\MiKTeX 2.9\tex\generic\oberdiek\gettitlestring.sty"
Package: gettitlestring 2010/12/03 v1.4 Cleanup title references (HO)
)
\c@section@level=\count160
)
LaTeX Info: Redefining \ref on input line 296.
LaTeX Info: Redefining \pageref on input line 296.
LaTeX Info: Redefining \nameref on input line 296.

(C:\Users\ohadben\Desktop\Workshop\main-acmart.out)
(C:\Users\ohadben\Desktop\Workshop\main-acmart.out)
\@outlinefile=\write5

("C:\Program Files\MiKTeX 2.9\tex\context\base\supp-pdf.mkii"
[Loading MPS to PDF converter (version 2006.09.02).]
\scratchcounter=\count161
\scratchdimen=\dimen170
\scratchbox=\box46
\nofMPsegments=\count162
\nofMParguments=\count163
\everyMPshowfont=\toks33
\MPscratchCnt=\count164
\MPscratchDim=\dimen171
\MPnumerator=\count165
\makeMPintoPDFobject=\count166
\everyMPtoPDFconversion=\toks34
) ("C:\Program Files\MiKTeX 2.9\tex\latex\oberdiek\epstopdf-base.sty"
Package: epstopdf-base 2010/02/09 v2.5 Base part for package epstopdf

("C:\Program Files\MiKTeX 2.9\tex\latex\oberdiek\grfext.sty"
Package: grfext 2010/08/19 v1.1 Manage graphics extensions (HO)
)
Package epstopdf-base Info: Redefining graphics rule for `.eps' on input line 4
34.
Package grfext Info: Graphics extension search list:
(grfext)             [.png,.pdf,.jpg,.mps,.jpeg,.jbig2,.jb2,.PNG,.PDF,.JPG,.JPE
G,.JBIG2,.JB2,.eps]
(grfext)             \AppendGraphicsExtensions on input line 452.
)
*geometry* driver: auto-detecting
*geometry* detected driver: pdftex
*geometry* verbose mode - [ preamble ] result:
* driver: pdftex
* paper: custom
* layout: <same size as paper>
* layoutoffset:(h,v)=(0.0pt,0.0pt)
* modes: twoside heightrounded 
* h-part:(L,W,R)=(54.2025pt, 505.89pt, 54.2025pt)
* v-part:(T,H,B)=(72.26999pt, 650.43001pt, 72.26999pt)
* \paperwidth=614.295pt
* \paperheight=794.96999pt
* \textwidth=469.75502pt
* \textheight=638.43001pt
* \oddsidemargin=0.0pt
* \evensidemargin=0.0pt
* \topmargin=0.0pt
* \headheight=0.0pt
* \headsep=0.0pt
* \topskip=10.0pt
* \footskip=12.0pt
* \marginparwidth=24.0pt
* \marginparsep=11.0pt
* \columnsep=24.0pt
* \skip\footins=7.0pt plus 11.0pt
* \hoffset=0.0pt
* \voffset=0.0pt
* \mag=1000
* \@twocolumnfalse
* \@twosidetrue
* \@mparswitchtrue
* \@reversemarginfalse
* (1in=72.27pt=25.4mm, 1cm=28.453pt)

\c@mv@tabular=\count167
\c@mv@boldtabular=\count168
("C:\Program Files\MiKTeX 2.9\tex\latex\upquote\upquote.sty"
Package: upquote 2012/04/19 v1.3 upright-quote and grave-accent glyphs in verba
tim
)
Package caption Info: Begin \AtBeginDocument code.
Package caption Info: float package is loaded.
Package caption Info: End \AtBeginDocument code.

(C:\Users\ohadben\Desktop\Workshop\abstract.tex) Excluding 'CCSXML' comment.
LaTeX Font Info:    Font shape `T1/LinuxLibertineT-TLF/m/n' will be
(Font)              scaled to size 20.74pt on input line 404.
LaTeX Font Info:    Font shape `T1/LinuxLibertineT-TLF/b/n' will be
(Font)              scaled to size 20.74pt on input line 404.
LaTeX Font Info:    Font shape `T1/LinuxLibertineT-TLF/m/n' will be
(Font)              scaled to size 12.0pt on input line 404.
LaTeX Font Info:    Font shape `T1/LinuxLibertineT-TLF/m/it' will be
(Font)              scaled to size 8.0pt on input line 404.
LaTeX Font Info:    Try loading font information for T1+LinuxBiolinumT-TLF on i
nput line 404.

("C:\Program Files\MiKTeX 2.9\tex\latex\libertine\t1linuxbiolinumt-tlf.fd"
File: T1LinuxBiolinumT-TLF.fd 2012/11/26 (autoinst) Font definitions for T1/Lin
uxBiolinumT-TLF.
)
LaTeX Font Info:    Font shape `T1/LinuxBiolinumT-TLF/m/n' will be
(Font)              scaled to size 8.0pt on input line 404.
Package microtype Info: Loading generic settings for font family
(microtype)             `LinuxBiolinumT-TLF' (encoding: T1).
(microtype)             For optimal results, create family-specific settings.
(microtype)             See the microtype manual for details.
LaTeX Font Info:    Font shape `T1/LinuxLibertineT-TLF/b/n' will be
(Font)              scaled to size 10.0pt on input line 404.
LaTeX Font Info:    Font shape `T1/LinuxLibertineT-TLF/b/n' will be
(Font)              scaled to size 12.0pt on input line 404.
LaTeX Font Info:    Font shape `T1/LinuxLibertineT-TLF/m/it' will be
(Font)              scaled to size 10.0pt on input line 404.
LaTeX Font Info:    Font shape `T1/LinuxLibertineT-TLF/b/it' will be
(Font)              scaled to size 10.0pt on input line 404.

(C:\Users\ohadben\Desktop\Workshop\introduction.tex
Overfull \hbox (16.05426pt too wide) in paragraph at lines 3--18
\T1/LinuxLibertineT-TLF/m/n/10 (-20) which byte-addressable \T1/LinuxLibertineT
-TLF/m/it/10 (-20) non-volatile main mem-ory \T1/LinuxLibertineT-TLF/m/n/10 (-2
0) (\T1/LinuxLibertineT-TLF/m/it/10 (-20) NVRAM\T1/LinuxLibertineT-TLF/m/n/10 (
-20) ),
 []

LaTeX Font Info:    Font shape `T1/LinuxLibertineT-TLF/m/n' will be
(Font)              scaled to size 7.3pt on input line 85.

Underfull \vbox (badness 10000) has occurred while \output is active []

LaTeX Font Info:    Font shape `T1/LinuxLibertineT-TLF/m/n' will be
(Font)              scaled to size 7.0pt on input line 96.


Package Fancyhdr Warning: \headheight is too small (0.0pt): 
 Make it at least 12.0pt.
 We now make it that large for the rest of the document.
 This may cause the page layout to be inconsistent, however.

[1.1{C:/Users/ohadben/AppData/Local/MiKTeX/2.9/pdftex/config/pdftex.map}

])
(C:\Users\ohadben\Desktop\Workshop\overview-v2.tex
Underfull \vbox (badness 10000) has occurred while \output is active []


Underfull \vbox (badness 10000) has occurred while \output is active []

 [2.2]
LaTeX Font Info:    Font shape `T1/LinuxLibertineT-TLF/m/sc' will be
(Font)              scaled to size 8.0pt on input line 90.
LaTeX Font Info:    Font shape `T1/LinuxLibertineT-TLF/b/n' will be
(Font)              scaled to size 8.0pt on input line 90.
LaTeX Font Info:    Font shape `T1/LinuxLibertineT-TLF/m/sc' will be
(Font)              scaled to size 10.0pt on input line 91.

(C:\Users\ohadben\Desktop\Workshop\code-original-linked-list-v2.tex

Package relsize Warning: Current font size is unknown! (Why?!?)
(relsize)                Assuming \normalsize on input line 20.


Package relsize Warning: Current font size is unknown! (Why?!?)
(relsize)                Assuming \normalsize on input line 21.

LaTeX Font Info:    Font shape `T1/LinuxLibertineT-TLF/b/it' will be
(Font)              scaled to size 8.0pt on input line 40.

Package relsize Warning: Current font size is unknown! (Why?!?)
(relsize)                Assuming \normalsize on input line 40.


Package relsize Warning: Current font size is unknown! (Why?!?)
(relsize)                Assuming \normalsize on input line 40.


Package relsize Warning: Current font size is unknown! (Why?!?)
(relsize)                Assuming \normalsize on input line 40.


Package relsize Warning: Current font size is unknown! (Why?!?)
(relsize)                Assuming \normalsize on input line 40.

LaTeX Font Info:    Try loading font information for T1+zi4 on input line 40.
("C:\Program Files\MiKTeX 2.9\tex\latex\inconsolata\t1zi4.fd"
File: t1zi4.fd 2013/06/09 T1/zi4 (Inconsolata)
)
Package microtype Info: Loading generic settings for font family
(microtype)             `zi4' (encoding: T1).
(microtype)             For optimal results, create family-specific settings.
(microtype)             See the microtype manual for details.
Package microtype Info: Character `textendash ' is missing
(microtype)             in font `T1/zi4/m/n/8'.
(microtype)             Ignoring protrusion settings for this character.
Package microtype Info: Character `textemdash ' is missing
(microtype)             in font `T1/zi4/m/n/8'.
(microtype)             Ignoring protrusion settings for this character.


Package relsize Warning: Current font size is unknown! (Why?!?)
(relsize)                Assuming \normalsize on input line 40.


Package relsize Warning: Current font size is unknown! (Why?!?)
(relsize)                Assuming \normalsize on input line 40.


Package relsize Warning: Current font size is unknown! (Why?!?)
(relsize)                Assuming \normalsize on input line 40.


Package relsize Warning: Current font size is unknown! (Why?!?)
(relsize)                Assuming \normalsize on input line 40.


Package relsize Warning: Current font size is unknown! (Why?!?)
(relsize)                Assuming \normalsize on input line 40.


Package relsize Warning: Current font size is unknown! (Why?!?)
(relsize)                Assuming \normalsize on input line 40.


Package relsize Warning: Current font size is unknown! (Why?!?)
(relsize)                Assuming \normalsize on input line 40.


Package relsize Warning: Current font size is unknown! (Why?!?)
(relsize)                Assuming \normalsize on input line 40.


Package relsize Warning: Current font size is unknown! (Why?!?)
(relsize)                Assuming \normalsize on input line 40.


Package relsize Warning: Current font size is unknown! (Why?!?)
(relsize)                Assuming \normalsize on input line 48.


Package relsize Warning: Current font size is unknown! (Why?!?)
(relsize)                Assuming \normalsize on input line 52.


Package relsize Warning: Current font size is unknown! (Why?!?)
(relsize)                Assuming \normalsize on input line 52.


Package relsize Warning: Current font size is unknown! (Why?!?)
(relsize)                Assuming \normalsize on input line 53.


Package relsize Warning: Current font size is unknown! (Why?!?)
(relsize)                Assuming \normalsize on input line 78.


Package relsize Warning: Current font size is unknown! (Why?!?)
(relsize)                Assuming \normalsize on input line 79.


Package relsize Warning: Current font size is unknown! (Why?!?)
(relsize)                Assuming \normalsize on input line 90.


Package relsize Warning: Current font size is unknown! (Why?!?)
(relsize)                Assuming \normalsize on input line 90.


Package relsize Warning: Current font size is unknown! (Why?!?)
(relsize)                Assuming \normalsize on input line 90.


Package relsize Warning: Current font size is unknown! (Why?!?)
(relsize)                Assuming \normalsize on input line 90.


Package relsize Warning: Current font size is unknown! (Why?!?)
(relsize)                Assuming \normalsize on input line 90.


Package relsize Warning: Current font size is unknown! (Why?!?)
(relsize)                Assuming \normalsize on input line 90.


Package relsize Warning: Current font size is unknown! (Why?!?)
(relsize)                Assuming \normalsize on input line 90.


Package relsize Warning: Current font size is unknown! (Why?!?)
(relsize)                Assuming \normalsize on input line 90.


Package relsize Warning: Current font size is unknown! (Why?!?)
(relsize)                Assuming \normalsize on input line 99.


Package relsize Warning: Current font size is unknown! (Why?!?)
(relsize)                Assuming \normalsize on input line 100.


Package relsize Warning: Current font size is unknown! (Why?!?)
(relsize)                Assuming \normalsize on input line 103.


Package relsize Warning: Current font size is unknown! (Why?!?)
(relsize)                Assuming \normalsize on input line 103.


Package relsize Warning: Current font size is unknown! (Why?!?)
(relsize)                Assuming \normalsize on input line 113.


Package relsize Warning: Current font size is unknown! (Why?!?)
(relsize)                Assuming \normalsize on input line 113.


Package relsize Warning: Current font size is unknown! (Why?!?)
(relsize)                Assuming \normalsize on input line 113.


Package relsize Warning: Current font size is unknown! (Why?!?)
(relsize)                Assuming \normalsize on input line 113.


Package relsize Warning: Current font size is unknown! (Why?!?)
(relsize)                Assuming \normalsize on input line 113.


Package relsize Warning: Current font size is unknown! (Why?!?)
(relsize)                Assuming \normalsize on input line 113.

) [3.3pdfTeX warning (ext4): destination with the same identifier (name{algocfp
roc.}) has been already used, duplicate ignored

\@EveryShipout@Output ...@Org@Shipout \box \@cclv 
                                                  
l.158 H
       owever, the response of the failed operation may be lost.]

LaTeX Warning: Reference `section:linked-list' on page 4 undefined on input lin
e 167.


LaTeX Warning: Reference `section:BSF' on page 4 undefined on input line 253.

[4.4pdfTeX warning (ext4): destination with the same identifier (name{algocfpro
c.}) has been already used, duplicate ignored

\@EveryShipout@Output ...@Org@Shipout \box \@cclv 
                                                  
l.287 
      pdfTeX warning (ext4): destination with the same identifier (name{algocfp
roc.}) has been already used, duplicate ignored

\@EveryShipout@Output ...@Org@Shipout \box \@cclv 
                                                  
l.287 
      ])
Underfull \vbox (badness 10000) has occurred while \output is active []


(C:\Users\ohadben\Desktop\Workshop\definitions.tex
Overfull \hbox (5.17361pt too wide) in paragraph at lines 20--31
[]\T1/LinuxLibertineT-TLF/m/n/10 (-20) The state of each pro-cess con-sists of 
\T1/LinuxLibertineT-TLF/m/it/10 (-20) non-volatile \T1/LinuxLibertineT-TLF/m/n/
10 (-20) shared-
 []

Package microtype Info: Character `textendash ' is missing
(microtype)             in font `T1/zi4/m/n/10'.
(microtype)             Ignoring protrusion settings for this character.
Package microtype Info: Character `textemdash ' is missing
(microtype)             in font `T1/zi4/m/n/10'.
(microtype)             Ignoring protrusion settings for this character.
[5.5]
Overfull \hbox (7.34131pt too wide) in paragraph at lines 78--79
\T1/LinuxLibertineT-TLF/m/n/10 (-20) of $\OML/nxlmi/m/it/10 p$ \T1/LinuxLiberti
neT-TLF/m/n/10 (-20) by the sys-tem, in which it in-vokes $\OML/nxlmi/m/it/10 O
p:[]$\T1/LinuxLibertineT-TLF/m/n/10 (-20) ,[][][]
 []

[6.6]) (C:\Users\ohadben\Desktop\Workshop\linked-list-v2.tex [7.7]
Underfull \vbox (badness 10000) has occurred while \output is active []

 [8.8]
Overfull \hbox (5.11224pt too wide) in paragraph at lines 185--188
\T1/LinuxLibertineT-TLF/m/n/10 (-20) must per-forms [], try-ing to write its na
me to $\OML/nxlmi/m/it/10 nd:deleter$\T1/LinuxLibertineT-TLF/m/n/10 (-20) ,
 []

) (C:\Users\ohadben\Desktop\Workshop\code-linked-list-v2.texpdfTeX warning (ext
4): destination with the same identifier (name{algocfproc.}) has been already u
sed, duplicate ignored
<to be read again> 
                   \relax 
l.21 		\caption{() boolean \insertlst\ (T $key$)}
                                                 

Package relsize Warning: Current font size is unknown! (Why?!?)
(relsize)                Assuming \normalsize on input line 23.


Package relsize Warning: Current font size is unknown! (Why?!?)
(relsize)                Assuming \normalsize on input line 24.


Package relsize Warning: Current font size is unknown! (Why?!?)
(relsize)                Assuming \normalsize on input line 25.


Package relsize Warning: Current font size is unknown! (Why?!?)
(relsize)                Assuming \normalsize on input line 26.


Package relsize Warning: Current font size is unknown! (Why?!?)
(relsize)                Assuming \normalsize on input line 27.


Package relsize Warning: Current font size is unknown! (Why?!?)
(relsize)                Assuming \normalsize on input line 42.


Package relsize Warning: Current font size is unknown! (Why?!?)
(relsize)                Assuming \normalsize on input line 42.


Package relsize Warning: Current font size is unknown! (Why?!?)
(relsize)                Assuming \normalsize on input line 42.


Package relsize Warning: Current font size is unknown! (Why?!?)
(relsize)                Assuming \normalsize on input line 42.


Package relsize Warning: Current font size is unknown! (Why?!?)
(relsize)                Assuming \normalsize on input line 42.


Package relsize Warning: Current font size is unknown! (Why?!?)
(relsize)                Assuming \normalsize on input line 42.


Package relsize Warning: Current font size is unknown! (Why?!?)
(relsize)                Assuming \normalsize on input line 42.


Package relsize Warning: Current font size is unknown! (Why?!?)
(relsize)                Assuming \normalsize on input line 42.


Package relsize Warning: Current font size is unknown! (Why?!?)
(relsize)                Assuming \normalsize on input line 42.


Package relsize Warning: Current font size is unknown! (Why?!?)
(relsize)                Assuming \normalsize on input line 42.

pdfTeX warning (ext4): destination with the same identifier (name{algocfproc.})
 has been already used, duplicate ignored
<to be read again> 
                   \relax 
l.70 	}
       

Package relsize Warning: Current font size is unknown! (Why?!?)
(relsize)                Assuming \normalsize on input line 70.


Package relsize Warning: Current font size is unknown! (Why?!?)
(relsize)                Assuming \normalsize on input line 70.

LaTeX Font Info:    Font shape `T1/LinuxLibertineT-TLF/m/it' will be
(Font)              scaled to size 6.2pt on input line 70.
LaTeX Font Info:    Font shape `T1/LinuxLibertineT-TLF/m/it' will be
(Font)              scaled to size 5.5pt on input line 70.

Package relsize Warning: Current font size is unknown! (Why?!?)
(relsize)                Assuming \normalsize on input line 70.


Package relsize Warning: Current font size is unknown! (Why?!?)
(relsize)                Assuming \normalsize on input line 70.


Package relsize Warning: Current font size is unknown! (Why?!?)
(relsize)                Assuming \normalsize on input line 70.


Package relsize Warning: Current font size is unknown! (Why?!?)
(relsize)                Assuming \normalsize on input line 70.


Package relsize Warning: Current font size is unknown! (Why?!?)
(relsize)                Assuming \normalsize on input line 70.


Package relsize Warning: Current font size is unknown! (Why?!?)
(relsize)                Assuming \normalsize on input line 70.


Package relsize Warning: Current font size is unknown! (Why?!?)
(relsize)                Assuming \normalsize on input line 70.


Package relsize Warning: Current font size is unknown! (Why?!?)
(relsize)                Assuming \normalsize on input line 70.


Package relsize Warning: Current font size is unknown! (Why?!?)
(relsize)                Assuming \normalsize on input line 70.

pdfTeX warning (ext4): destination with the same identifier (name{algocfproc.})
 has been already used, duplicate ignored
<to be read again> 
                   \relax 
l.96 	\caption{() boolean \delete\ (T $key$)}
                                             

Package relsize Warning: Current font size is unknown! (Why?!?)
(relsize)                Assuming \normalsize on input line 98.


Package relsize Warning: Current font size is unknown! (Why?!?)
(relsize)                Assuming \normalsize on input line 99.


Package relsize Warning: Current font size is unknown! (Why?!?)
(relsize)                Assuming \normalsize on input line 100.


Package relsize Warning: Current font size is unknown! (Why?!?)
(relsize)                Assuming \normalsize on input line 103.


Package relsize Warning: Current font size is unknown! (Why?!?)
(relsize)                Assuming \normalsize on input line 107.


Package relsize Warning: Current font size is unknown! (Why?!?)
(relsize)                Assuming \normalsize on input line 107.


Package relsize Warning: Current font size is unknown! (Why?!?)
(relsize)                Assuming \normalsize on input line 107.


Package relsize Warning: Current font size is unknown! (Why?!?)
(relsize)                Assuming \normalsize on input line 121.


Package relsize Warning: Current font size is unknown! (Why?!?)
(relsize)                Assuming \normalsize on input line 121.


Package relsize Warning: Current font size is unknown! (Why?!?)
(relsize)                Assuming \normalsize on input line 121.


Package relsize Warning: Current font size is unknown! (Why?!?)
(relsize)                Assuming \normalsize on input line 121.


Package relsize Warning: Current font size is unknown! (Why?!?)
(relsize)                Assuming \normalsize on input line 121.


Package relsize Warning: Current font size is unknown! (Why?!?)
(relsize)                Assuming \normalsize on input line 121.


Package relsize Warning: Current font size is unknown! (Why?!?)
(relsize)                Assuming \normalsize on input line 121.


Package relsize Warning: Current font size is unknown! (Why?!?)
(relsize)                Assuming \normalsize on input line 121.


Package relsize Warning: Current font size is unknown! (Why?!?)
(relsize)                Assuming \normalsize on input line 121.


Package relsize Warning: Current font size is unknown! (Why?!?)
(relsize)                Assuming \normalsize on input line 121.

pdfTeX warning (ext4): destination with the same identifier (name{algocfproc.})
 has been already used, duplicate ignored
<to be read again> 
                   \relax 
l.151 }
       

Package relsize Warning: Current font size is unknown! (Why?!?)
(relsize)                Assuming \normalsize on input line 151.


Package relsize Warning: Current font size is unknown! (Why?!?)
(relsize)                Assuming \normalsize on input line 151.


Package relsize Warning: Current font size is unknown! (Why?!?)
(relsize)                Assuming \normalsize on input line 151.


Package relsize Warning: Current font size is unknown! (Why?!?)
(relsize)                Assuming \normalsize on input line 151.


Package relsize Warning: Current font size is unknown! (Why?!?)
(relsize)                Assuming \normalsize on input line 151.


Package relsize Warning: Current font size is unknown! (Why?!?)
(relsize)                Assuming \normalsize on input line 151.


Package relsize Warning: Current font size is unknown! (Why?!?)
(relsize)                Assuming \normalsize on input line 151.


Package relsize Warning: Current font size is unknown! (Why?!?)
(relsize)                Assuming \normalsize on input line 151.


Package relsize Warning: Current font size is unknown! (Why?!?)
(relsize)                Assuming \normalsize on input line 151.


Package relsize Warning: Current font size is unknown! (Why?!?)
(relsize)                Assuming \normalsize on input line 151.


Package relsize Warning: Current font size is unknown! (Why?!?)
(relsize)                Assuming \normalsize on input line 151.


Package relsize Warning: Current font size is unknown! (Why?!?)
(relsize)                Assuming \normalsize on input line 151.

) (C:\Users\ohadben\Desktop\Workshop\BST.tex

Package caption Warning: \label without proper \caption on input line 157.
See the caption package documentation for explanation.


LaTeX Warning: Reference `iflag-cas' on page 9 undefined on input line 6.


Package caption Warning: \label without proper \caption on input line 157.
See the caption package documentation for explanation.


LaTeX Warning: Reference `iflag-cas' on page 9 undefined on input line 8.

[9.9]

LaTeX Warning: Reference `robust find - solution 1' on page 10 undefined on inp
ut line 10.


Overfull \hbox (1.56635pt too wide) in paragraph at lines 10--11
\T1/LinuxLibertineT-TLF/m/n/10 (-20) by hav-ing the first [] of a suc-cess-ful 
at-tempt for []
 []


LaTeX Warning: Reference `robust find - solution 2' on page 10 undefined on inp
ut line 12.


Underfull \vbox (badness 10000) has occurred while \output is active []

 [10.10]
Underfull \vbox (badness 10000) has occurred while \output is active []


Underfull \vbox (badness 10000) has occurred while \output is active []

 [11.11]

Package caption Warning: \label without proper \caption on input line 157.
See the caption package documentation for explanation.


LaTeX Warning: Reference `iflag-cas' on page 12 undefined on input line 51.


Package caption Warning: \label without proper \caption on input line 157.
See the caption package documentation for explanation.


LaTeX Warning: Reference `iflag-cas' on page 12 undefined on input line 53.


Underfull \vbox (badness 4193) has occurred while \output is active []



Package caption Warning: \label without proper \caption on input line 202.
See the caption package documentation for explanation.


LaTeX Warning: Reference `dflag-cas' on page 12 undefined on input line 55.


Package caption Warning: \label without proper \caption on input line 219.
See the caption package documentation for explanation.


LaTeX Warning: Reference `checkmark' on page 12 undefined on input line 56.


Overfull \hbox (2.32796pt too wide) in paragraph at lines 55--57
$\OML/nxlmi/m/it/10 update$ \T1/LinuxLibertineT-TLF/m/n/10 (-20) upon re-cov-er
y, and de-note this value by $\OML/nxlmi/m/it/10 gpupdate$\T1/LinuxLibertineT-T
LF/m/n/10 (-20) .
 []


Overfull \hbox (19.00687pt too wide) in paragraph at lines 55--57
\T1/LinuxLibertineT-TLF/m/n/10 (-20) There-fore, in both cases, when $\OML/nxlm
i/m/it/10 q$ \T1/LinuxLibertineT-TLF/m/n/10 (-20) com-pletes []$\U/ntxmia/m/it/
10 {\OML/nxlmi/m/it/10 op\U/ntxmia/m/it/10 |$
 []


Package caption Warning: \label without proper \caption on input line 202.
See the caption package documentation for explanation.


LaTeX Warning: Reference `dflag-cas' on page 12 undefined on input line 59.


Package caption Warning: \label without proper \caption on input line 243.
See the caption package documentation for explanation.


LaTeX Warning: Reference `dunflag-cas' on page 12 undefined on input line 59.


Package caption Warning: \label without proper \caption on input line 226.
See the caption package documentation for explanation.


LaTeX Warning: Reference `backtrack-cas' on page 12 undefined on input line 59.



Package caption Warning: \label without proper \caption on input line 218.
See the caption package documentation for explanation.


LaTeX Warning: Reference `mark-cas' on page 12 undefined on input line 59.


Overfull \hbox (18.49994pt too wide) in paragraph at lines 59--60
\T1/LinuxLibertineT-TLF/m/n/10 (-20) will fail to mark $\OML/nxlmi/m/it/10 p \O
MS/ntxsy/m/n/10 ! \OML/nxlmi/m/it/10 update$\T1/LinuxLibertineT-TLF/m/n/10 (-20
) , and hence no []$\U/ntxmia/m/it/10 {\OML/nxlmi/m/it/10 op\U/ntxmia/m/it/10 |
$
 []


Underfull \vbox (badness 10000) has occurred while \output is active []

 [12.12])
(C:\Users\ohadben\Desktop\Workshop\elimination-stack.tex
Overfull \hbox (9.56923pt too wide) in paragraph at lines 9--10
\T1/LinuxLibertineT-TLF/m/n/10 (-20) routines, based on which op-er-a-tion ([],
 [], [])
 []


Underfull \vbox (badness 10000) has occurred while \output is active []

 [13.13]
Overfull \hbox (4.06845pt too wide) in paragraph at lines 26--27
\T1/LinuxLibertineT-TLF/m/n/10 (-20) record $\OML/nxlmi/m/it/10 myop$ \T1/Linux
LibertineT-TLF/m/n/10 (-20) when ac-cess-ing the ex-changer, with a unique
 []


Underfull \vbox (badness 10000) has occurred while \output is active []

 [14.14])
(C:\Users\ohadben\Desktop\Workshop\main-acmart.bbl
Underfull \vbox (badness 10000) has occurred while \output is active []

LaTeX Info: Redefining \tempurl on input line 191.
LaTeX Info: Redefining \tempurl on input line 207.

Underfull \vbox (badness 10000) has occurred while \output is active []

 [15.15]
Underfull \hbox (badness 4441) in paragraph at lines 275--280
[]\T1/LinuxLibertineT-TLF/m/n/8 (+20) Shivaram Venkatara-man, Ni-raj To-lia, Pa
rthasarathy Ran-
 []

) [16.16

] (C:\Users\ohadben\Desktop\Workshop\code-BST-v2.tex

Package caption Warning: \label without proper \caption on input line 144.
See the caption package documentation for explanation.


LaTeX Warning: Reference `BSTinsert-set-checkpoint' on page 17 undefined on inp
ut line 61.


Package caption Warning: \label without proper \caption on input line 137.
See the caption package documentation for explanation.


LaTeX Warning: Reference `BSTInsert-entry' on page 17 undefined on input line 6
2.


Package caption Warning: \label without proper \caption on input line 137.
See the caption package documentation for explanation.


LaTeX Warning: Reference `BSTInsert-entry' on page 17 undefined on input line 6
7.


Package caption Warning: \label without proper \caption on input line 191.
See the caption package documentation for explanation.


LaTeX Warning: Reference `BSTdelete-set-checkpoint' on page 17 undefined on inp
ut line 74.


Package caption Warning: \label without proper \caption on input line 186.
See the caption package documentation for explanation.


LaTeX Warning: Reference `BSTDelete-entry' on page 17 undefined on input line 7
5.


Package caption Warning: \label without proper \caption on input line 186.
See the caption package documentation for explanation.


LaTeX Warning: Reference `BSTDelete-entry' on page 17 undefined on input line 8
0.

LaTeX Font Info:    Font shape `T1/LinuxLibertineT-TLF/m/sc' will be
(Font)              scaled to size 7.0pt on input line 94.
LaTeX Font Info:    Font shape `T1/LinuxLibertineT-TLF/m/it' will be
(Font)              scaled to size 7.0pt on input line 95.
LaTeX Font Info:    Font shape `T1/LinuxLibertineT-TLF/b/n' will be
(Font)              scaled to size 7.0pt on input line 157.

Underfull \vbox (badness 10000) has occurred while \output is active []

 [17.17

]
Underfull \vbox (badness 10000) has occurred while \output is active []

 [18.18])
[19.19] (C:\Users\ohadben\Desktop\Workshop\code-elimination-stack-v2.tex

LaTeX Warning: No positions in optional float specifier.
               Default added (so using `tbp') on input line 3.

LaTeX Font Info:    Font shape `T1/LinuxLibertineT-TLF/m/n' will be
(Font)              scaled to size 9.0pt on input line 4.
LaTeX Font Info:    Font shape `T1/LinuxLibertineT-TLF/m/sc' will be
(Font)              scaled to size 9.0pt on input line 28.
pdfTeX warning (ext4): destination with the same identifier (name{algocfproc.})
 has been already used, duplicate ignored
<to be read again> 
                   \relax 
l.52 ...nfo\ $*slot$, T $myitem$, long $timeout$)}
                                                  
LaTeX Font Info:    Font shape `T1/LinuxLibertineT-TLF/b/n' will be
(Font)              scaled to size 9.0pt on input line 54.
Package microtype Info: Character `textendash ' is missing
(microtype)             in font `T1/zi4/m/n/9'.
(microtype)             Ignoring protrusion settings for this character.
Package microtype Info: Character `textemdash ' is missing
(microtype)             in font `T1/zi4/m/n/9'.
(microtype)             Ignoring protrusion settings for this character.
LaTeX Font Info:    Font shape `T1/LinuxLibertineT-TLF/m/it' will be
(Font)              scaled to size 9.0pt on input line 112.
LaTeX Font Info:    Font shape `T1/LinuxLibertineT-TLF/b/it' will be
(Font)              scaled to size 9.0pt on input line 112.
pdfTeX warning (ext4): destination with the same identifier (name{algocfproc.})
 has been already used, duplicate ignored
<to be read again> 
                   \relax 
l.134 ...ir (\exInfo\ $first$, \exInfo\ $second$)}
                                                  pdfTeX warning (ext4): destin
ation with the same identifier (name{algocfproc.}) has been already used, dupli
cate ignored
<to be read again> 
                   \relax 
l.143 ...T $value$, int $range$, long $duration$)}
                                                  pdfTeX warning (ext4): destin
ation with the same identifier (name{algocfproc.}) has been already used, dupli
cate ignored
<to be read again> 
                   \relax 
l.151 ...) T \recoverExchange\ (\exInfo\ $*myop$)}
                                                  pdfTeX warning (ext4): destin
ation with the same identifier (name{algocfproc.}) has been already used, dupli
cate ignored
<to be read again> 
                   \relax 
l.220 ...aption{() boolean \trypush\ (Node $*nd$)}
                                                  pdfTeX warning (ext4): destin
ation with the same identifier (name{algocfproc.}) has been already used, dupli
cate ignored
<to be read again> 
                   \relax 
l.235 		\caption{() boolean \push\ (T $myitem$)}
                                                pdfTeX warning (ext4): destinat
ion with the same identifier (name{algocfproc.}) has been already used, duplica
te ignored
<to be read again> 
                   \relax 
l.258 		\caption{() boolean \recoverPush\ $()$}
                                               
LaTeX Font Info:    Font shape `T1/LinuxLibertineT-TLF/m/it' will be
(Font)              scaled to size 7.3pt on input line 264.
pdfTeX warning (ext4): destination with the same identifier (name{algocfproc.})
 has been already used, duplicate ignored
<to be read again> 
                   \relax 
l.289 		\caption{() boolean \search\ (Node $*nd$)}
                                                  

LaTeX Warning: Float too large for page by 73.6338pt on input line 305.

pdfTeX warning (ext4): destination with the same identifier (name{algocfproc.})
 has been already used, duplicate ignored
<to be read again> 
                   \relax 
l.321 		\caption{() T \trypop $()$}
                                   pdfTeX warning (ext4): destination with the 
same identifier (name{algocfproc.}) has been already used, duplicate ignored
<to be read again> 
                   \relax 
l.341 		\caption{() T \pop\ $()$}
                                 pdfTeX warning (ext4): destination with the sa
me identifier (name{algocfproc.}) has been already used, duplicate ignored
<to be read again> 
                   \relax 
l.367 		\caption{() T \recoverPop $()$}
                                       

LaTeX Warning: Float too large for page by 91.80682pt on input line 403.

) [20.20] [21.21] [22.22] [23.23] [24.24]
Package atveryend Info: Empty hook `BeforeClearDocument' on input line 433.
Package atveryend Info: Empty hook `AfterLastShipout' on input line 433.

(C:\Users\ohadben\Desktop\Workshop\main-acmart.aux)
Package atveryend Info: Executing hook `AtVeryEndDocument' on input line 433.
Package atveryend Info: Executing hook `AtEndAfterFileList' on input line 433.
Package rerunfilecheck Info: File `main-acmart.out' has not changed.
(rerunfilecheck)             Checksum: 35A0F97AC08C70BB8F59EA04822478E7;1612.


LaTeX Warning: There were undefined references.

 ) 
Here is how much of TeX's memory you used:
 20332 strings out of 493921
 306760 string characters out of 3147276
 480387 words of memory out of 3000000
 22205 multiletter control sequences out of 15000+200000
 243165 words of font info for 465 fonts, out of 3000000 for 9000
 1002 hyphenation exceptions out of 8191
 60i,38n,94p,1736b,1239s stack positions out of 5000i,500n,10000p,200000b,50000s
{C:/Program Files/MiKTeX 2.9/fonts/enc/dvips/newtx/libertinealt.enc}{C:/Progr
am Files/MiKTeX 2.9/fonts/enc/dvips/inconsolata/i4-t1-4.enc}{C:/Program Files/M
iKTeX 2.9/fonts/enc/dvips/libertine/lbtn_ncsllp.enc}{C:/Program Files/MiKTeX 2.
9/fonts/enc/dvips/fontname/8r.enc}{C:/Program Files/MiKTeX 2.9/fonts/enc/dvips/
libertine/lbtn_25tcsq.enc}{C:/Program Files/MiKTeX 2.9/fonts/enc/dvips/libertin
e/lbtn_ki75ao.enc}{C:/Program Files/MiKTeX 2.9/fonts/enc/dvips/libertine/lbtn_7
grukw.enc}{C:/Program Files/MiKTeX 2.9/fonts/enc/dvips/libertine/lbtn_nh77jq.en
c}{C:/Program Files/MiKTeX 2.9/fonts/enc/dvips/libertine/lbtn_76gpa5.enc}<C:/Pr
ogram Files/MiKTeX 2.9/fonts/type1/public/inconsolata/Inconsolata-zi4r.pfb><C:/
Program Files/MiKTeX 2.9/fonts/type1/public/libertine/LinBiolinumT.pfb><C:/Prog
ram Files/MiKTeX 2.9/fonts/type1/public/libertine/LinLibertineT.pfb><C:/Program
 Files/MiKTeX 2.9/fonts/type1/public/libertine/LinLibertineTB.pfb><C:/Program F
iles/MiKTeX 2.9/fonts/type1/public/libertine/LinLibertineTBI.pfb><C:/Program Fi
les/MiKTeX 2.9/fonts/type1/public/libertine/LinLibertineTI.pfb><C:/Program File
s/MiKTeX 2.9/fonts/type1/public/newtx/fxlri-5letters.pfb><C:/Program Files/MiKT
eX 2.9/fonts/type1/public/newtx/fxlri-7letters.pfb><C:/Program Files/MiKTeX 2.9
/fonts/type1/public/txfonts/rtxmi.pfb><C:/Program Files/MiKTeX 2.9/fonts/type1/
public/newtx/rtxmi7.pfb><C:/Program Files/MiKTeX 2.9/fonts/type1/public/txfonts
/rtxr.pfb><C:/Program Files/MiKTeX 2.9/fonts/type1/public/txfonts/txsy.pfb><C:/
Program Files/MiKTeX 2.9/fonts/type1/public/txfonts/txsyc.pfb><C:/Program Files
/MiKTeX 2.9/fonts/type1/public/newtx/zxlr.pfb><C:/Program Files/MiKTeX 2.9/font
s/type1/public/newtx/zxlri.pfb>
Output written on main-acmart.pdf (24 pages, 796973 bytes).
PDF statistics:
 829 PDF objects out of 1000 (max. 8388607)
 387 named destinations out of 1000 (max. 500000)
 53861 words of extra memory for PDF output out of 61914 (max. 10000000)

